Case #1: 3
Case #2: 1
Case #3: 1 2
Case #4: 3 4
Case #5: 22
Case #6: 336433 788213 1239993 1691773 2143553 2595333 3047113 3498893 3950673 4402453 4854233 5306013
Case #7: 9876543211
Case #8: 3
Case #9: 44791
Case #10: 249982 142717526685264700 301577251182327740 460436975679390780 619296700176453820 778156424673516860 937016149170579900
Case #11: 229
Case #12: 15 26958773523447466
Case #13: 56784970807 24996744149199 53631512094759 82266280040319 110901047985879 139535815931439 168170583876999 196805351822559
Case #14: 1
Case #15: 1
Case #16: 1
Case #17: 22 991 2512 4033 5554 7075 8596 10117
Case #18: 6459 28603
Case #19: 148390053388881 318285911616729 488181769844577 658077628072425 827973486300273 997869344528121 1167765202755969 1337661060983817 1507556919211665 1677452777439513
Case #20: 61 7504 18853 30202 41551 52900 64249 75598 86947 98296 109645 120994 132343 143692 155041 166390 177739 189088 200437 211786 223135
Case #21: 100 80706050403020101 171615141312111010 262524232221201919 353433323130292828 444342414039383737 535251504948474646 626160595857565555 717069686766656464 807978777675747373 898887868584838282 989796959493929191
Case #22: 2629 6628 10627 14626 18625 22624 26623 30622 34621 38620 42619 46618
Case #23: 43211 98766
Case #24: 9 27 45 63
Case #25: 4894 152274118 331797287
Case #26: 3
Case #27: 1
Case #28: 5 15
Case #29: 2335057218037 4974687116686 7614317015335
Case #30: 1443 2927 7376 11825 16274 20723 25172 29621 34070 38519 42968 47417 51866
Case #31: 3843 59828079 134920934 210013789 285106644 360199499 435292354 510385209 585478064 660570919 735663774 810756629 885849484
Case #32: 49 4832045026397 10370866787997 15909688549597 21448510311197 26987332072797 32526153834397
Case #33: 1 2 3 4
Case #34: 3
Case #35: 128023665564825 67889120939518555 143468806360466945 219048491781415335 294628177202363725 370207862623312115
Case #36: 1
Case #37: 1
Case #38: 37 2776 6997 11218 15439 19660 23881 28102 32323 36544 40765 44986 49207
Case #39: 4703619066 24183434789566727 51429867210801698 78676299632036669 105922732053271640 133169164474506611 160415596895741582 187662029316976553 214908461738211524 242154894159446495
Case #40: 23 69 115 161 207 253 299 345 391 437 483
Case #41: 1763 12672619 28610574 44548529 60486484 76424439 92362394 108300349 124238304
Case #42: 3020101 7060505 11100909 15141313 19181717 23222121 27262525 31302929 35343333 39383737 43424141 47464545 51504949 55545353 59585757 63626161 67666565 71706969 75747373 79787777 83828181 87868585 91908989 95949393 99989797
Case #43: 483 969959 2197014 3424069 4651124
Case #44: 7736933661 53566920179174021 113909948769828110 174252977360482199 234596005951136288 294939034541790377 355282063132444466 415625091723098555 475968120313752644 536311148904406733 596654177495060822
Case #45: 3363 15687628970075 33661394825235 51635160680395 69608926535555 87582692390715 105556458245875 123530224101035
Case #46: 22
Case #47: 30830784091 49531541029249721 104677993592179571 159824446155109421 214970898718039271 270117351280969121
Case #48: 368715 470178125
Case #49: 22
Case #50: 1
Case #51: 2931
Case #52: 35 727
Case #53: 195 47636305072735
Case #54: 655319857313 6087453388822831 12806822354340072
Case #55: 85 22395925036 49335176152 76274427268 103213678384 130152929500 157092180616 184031431732 210970682848 237909933964 264849185080 291788436196 318727687312 345666938428 372606189544
Case #56: 1 2 3
Case #57: 1 2 3 4 5 6 7 8 9 10 11 12 13 14 15 16 17 18 19 20 21 22 23 24 25 26 27 28 29 30 31 32 33 34 35 36 37 38 39 40 41 42 43 44 45 46 47 48 49
Case #58: 16434825
Case #59: 1 2 3 4 5 6 7 8 9 10 11 12 13 14 15 16
Case #60: 3
Case #61: 11 62811 143336
Case #62: 3843 4640492239 10227400657 15814309075 21401217493 26988125911 32575034329 38161942747 43748851165 49335759583 54922668001
Case #63: 381367045
Case #64: 1 2 3 4 5 6 7 8 9 10 11 12 13 14 15 16 17 18 19 20 21 22 23 24 25 26 27 28 29 30 31 32 33 34 35 36 37 38 39 40 41 42 43 44 45 46 47 48 49 50 51 52 53 54 55 56 57 58 59 60 61 62 63 64 65 66 67 68 69 70 71 72 73 74 75 76 77 78 79 80 81 82 83 84 85 86 87 88 89 90 91 92 93
Case #65: 13 352 901 1450 1999
Case #66: 1
Case #67: 11046255305880159
Case #68: 4 37
Case #69: 104613 285325054906774483
Case #70: 91 16654 41773 66892 92011 117130 142249 167368 192487 217606 242725 267844 292963 318082 343201 368320 393439 418558 443677 468796 493915 519034 544153 569272 594391 619510 644629 669748 694867 719986 745105
Case #71: 3
Case #72: 224 1658237634775591
Case #73: 48028639 104789756
Case #74: 1 2 3 4 5 6 7 8 9 10 11 12 13 14
Case #75: 1
Case #76: 101 303 505 707 909 1111 1313 1515 1717 1919 2121 2323 2525 2727 2929 3131 3333 3535 3737 3939 4141 4343 4545 4747 4949 5151 5353 5555 5757 5959 6161 6363 6565 6767 6969 7171 7373 7575 7777 7979 8181 8383 8585 8787 8989 9191 9393 9595 9797 9999
Case #77: 1 2 3 4 5 6 7 8 9 10 11 12 13 14 15 16 17 18 19 20 21 22 23 24 25 26 27 28 29 30 31 32 33 34 35 36 37 38 39 40 41 42 43 44 45 46 47 48 49 50 51 52 53 54 55 56 57 58 59 60 61 62 63 64 65 66 67 68 69 70 71 72 73 74 75 76 77 78 79 80 81 82 83 84 85 86 87 88
Case #78: 3
Case #79: 7395 2451145488007 5316433435676 8181721383345 11047009331014 13912297278683 16777585226352 19642873174021 22508161121690 25373449069359 28238737017028 31104024964697 33969312912366
Case #80: 159441 868066
Case #81: 5040 10154 25493 40832 56171 71510 86849 102188 117527 132866 148205 163544 178883 194222 209561 224900 240239 255578 270917 286256 301595 316934 332273 347612
Case #82: 56784970807 345441905743 749561614652 1153681323561 1557801032470 1961920741379 2366040450288 2770160159197 3174279868106
Case #83: 31204079050817 66946933236297 102689787421777 138432641607257 174175495792737 209918349978217 245661204163697 281404058349177
Case #84: 1
Case #85: 100 20101 50404 80707 111010 141313 171616 201919 232222 262525 292828 323131 353434 383737 414040 444343 474646 504949 535252 565555 595858 626161 656464 686767 717070 747373 777676 807979 838282 868585 898888 929191 959494 989797
Case #86: 1 2 3 4 5 6 7 8 9 10 11 12 13 14 15 16 17 18 19 20 21 22 23 24 25 26 27 28 29 30 31 32 33 34 35 36 37 38 39 40 41 42 43 44 45 46 47 48 49 50 51 52 53 54 55 56 57 58 59 60 61 62 63 64 65 66 67 68 69 70 71 72 73 74 75 76 77 78 79 80 81 82 83 84 85 86 87 88 89 90
Case #87: 13204 33133 53062 72991 92920 112849 132778 152707 172636 192565 212494 232423 252352 272281 292210 312139 332068 351997 371926 391855 411784 431713 451642 471571 491500 511429 531358
Case #88: 7920 15932 39965 63998 88031 112064 136097 160130 184163 208196 232229 256262 280295 304328 328361 352394 376427 400460 424493 448526 472559 496592 520625 544658 568691 592724 616757 640790 664823 688856
Case #89: 3
Case #90: 229
Case #91: 1 2 3 4 5 6 7 8 9 10 11 12 13 14 15 16 17 18 19 20 21 22 23 24 25 26 27 28 29 30 31 32 33 34 35 36 37 38 39 40 41 42 43 44 45 46 47 48 49 50 51 52 53 54 55 56
Case #92: 9876543211
Case #93: 1563693107 52779893566957 113226761146797 173673628726637 234120496306477 294567363886317 355014231466157 415461099045997 475907966625837
Case #94: 22
Case #95: 2706315531 13675914484 30130312912 46584711340 63039109768 79493508196 95947906624 112402305052 128856703480 145311101908 161765500336 178219898764 194674297192
Case #96: 288 349419 793124 1236829
Case #97: 1 2 3 4 5 6 7 8 9 10 11 12 13 14 15 16 17 18 19 20 21 22 23 24 25 26 27 28 29 30 31 32 33 34 35 36 37 38 39 40 41 42 43 44 45 46 47 48 49 50 51 52 53 54 55 56 57 58 59 60 61 62 63 64 65 66 67 68 69 70 71 72 73 74 75 76 77 78 79 80 81 82 83 84 85 86 87 88 89 90 91 92 93 94 95 96 97 98 99 100
Case #98: 1
Case #99: 19654 63279542987640163 132553990047793603
Case #100: 229